[16:25:18] [main/INFO] (FabricLoader/GameProvider) Loading Minecraft 1.20.6 with Fabric Loader 0.15.10
[16:25:19] [main/INFO] (FabricLoader) Loading 56 mods:
	- fabric-api 0.97.8+1.20.6
	- fabric-api-base 0.4.40+80f8cf51ff
	- fabric-api-lookup-api-v1 1.6.59+e9d2a72bff
	- fabric-biome-api-v1 13.0.25+be5d88beff
	- fabric-block-api-v1 1.0.20+6dfe4c9bff
	- fabric-block-view-api-v2 1.0.8+80f8cf51ff
	- fabric-blockrenderlayer-v1 1.1.50+80f8cf51ff
	- fabric-client-tags-api-v1 1.1.12+7f945d5bff
	- fabric-command-api-v1 1.2.45+f71b366fff
	- fabric-command-api-v2 2.2.24+80f8cf51ff
	- fabric-commands-v0 0.2.62+df3654b3ff
	- fabric-content-registries-v0 8.0.4+b82b2392ff
	- fabric-convention-tags-v1 2.0.3+7f945d5bff
	- fabric-convention-tags-v2 2.0.0+2b43c5c8ff
	- fabric-crash-report-info-v1 0.2.27+80f8cf51ff
	- fabric-data-attachment-api-v1 1.1.15+2a2c66b6ff
	- fabric-data-generation-api-v1 19.0.6+7f945d5bff
	- fabric-dimensions-v1 2.1.68+94793913ff
	- fabric-entity-events-v1 1.6.8+e9d2a72bff
	- fabric-events-interaction-v0 0.7.6+c5fc38b3ff
	- fabric-game-rule-api-v1 1.0.50+80f8cf51ff
	- fabric-gametest-api-v1 1.3.16+1172e897ff
	- fabric-item-api-v1 8.1.1+17e985d6ff
	- fabric-item-group-api-v1 4.0.38+aae0949aff
	- fabric-key-binding-api-v1 1.0.45+80f8cf51ff
	- fabric-keybindings-v0 0.2.43+df3654b3ff
	- fabric-lifecycle-events-v1 2.3.4+c5fc38b3ff
	- fabric-loot-api-v2 3.0.4+97f703daff
	- fabric-message-api-v1 6.0.10+109a837cff
	- fabric-model-loading-api-v1 1.0.12+80f8cf51ff
	- fabric-models-v0 0.4.11+9386d8a7ff
	- fabric-networking-api-v1 4.0.8+0dca0349ff
	- fabric-object-builder-api-v1 15.1.3+c5fc38b3ff
	- fabric-particles-v1 4.0.0+c5fc38b3ff
	- fabric-recipe-api-v1 5.0.3+c5fc38b3ff
	- fabric-registry-sync-v0 5.0.15+f1240ba7ff
	- fabric-renderer-api-v1 3.2.12+97f703daff
	- fabric-renderer-indigo 1.5.12+80f8cf51ff
	- fabric-renderer-registries-v1 3.2.61+df3654b3ff
	- fabric-rendering-data-attachment-v1 0.3.46+73761d2eff
	- fabric-rendering-fluids-v1 3.1.3+2c869dedff
	- fabric-rendering-v0 1.1.64+df3654b3ff
	- fabric-rendering-v1 4.2.4+b21c00cbff
	- fabric-resource-conditions-api-v1 4.0.1+74e2f560ff
	- fabric-resource-loader-v0 1.0.5+c5f2432cff
	- fabric-screen-api-v1 2.0.21+7b70ea8aff
	- fabric-screen-handler-api-v1 1.3.72+b21c00cbff
	- fabric-sound-api-v1 1.0.21+c5fc38b3ff
	- fabric-transfer-api-v1 5.1.6+c5fc38b3ff
	- fabric-transitive-access-wideners-v1 6.0.10+74e2f560ff
	- fabricloader 0.15.10
	- java 21
	- minecraft 1.20.6
	- mixinextras 0.3.5
	- mobility 1.6.1
	- modmenu 10.0.0-beta.1
[16:25:19] [main/INFO] (FabricLoader/Mixin) SpongePowered MIXIN Subsystem Version=0.8.5 Source=file:/C:/Users/surap/.gradle/caches/modules-2/files-2.1/net.fabricmc/sponge-mixin/0.13.3+mixin.0.8.5/9527e6b0d2449408958fd1302594dc65ec5ade9c/sponge-mixin-0.13.3+mixin.0.8.5.jar Service=Knot/Fabric Env=CLIENT
[16:25:19] [main/INFO] (FabricLoader/Mixin) Loaded Fabric development mappings for mixin remapper!
[16:25:19] [main/INFO] (FabricLoader/Mixin) Compatibility level set to JAVA_17
[16:25:22] [main/INFO] (FabricLoader/MixinExtras|Service) Initializing MixinExtras via com.llamalad7.mixinextras.service.MixinExtrasServiceImpl(version=0.3.5).
[16:25:31] [Datafixer Bootstrap/INFO] (Minecraft) 222 Datafixer optimizations took 389 milliseconds
[16:25:34] [Render thread/INFO] (Minecraft) Environment: Environment[sessionHost=https://sessionserver.mojang.com, servicesHost=https://api.minecraftservices.com, name=PROD]
[16:25:34] [Render thread/INFO] (Minecraft) Setting user: Player341
[16:25:35] [Render thread/INFO] (Indigo) [Indigo] Registering Indigo renderer!
[16:25:36] [Render thread/INFO] (Minecraft) Backend library: LWJGL version 3.3.3-snapshot
[16:25:38] [Render thread/INFO] (Minecraft) Reloading ResourceManager: vanilla, fabric, fabric-api, fabric-api-base, fabric-api-lookup-api-v1, fabric-biome-api-v1, fabric-block-api-v1, fabric-block-view-api-v2, fabric-blockrenderlayer-v1, fabric-client-tags-api-v1, fabric-command-api-v1, fabric-command-api-v2, fabric-commands-v0, fabric-content-registries-v0, fabric-convention-tags-v1, fabric-convention-tags-v2, fabric-crash-report-info-v1, fabric-data-attachment-api-v1, fabric-data-generation-api-v1, fabric-dimensions-v1, fabric-entity-events-v1, fabric-events-interaction-v0, fabric-game-rule-api-v1, fabric-gametest-api-v1, fabric-item-api-v1, fabric-item-group-api-v1, fabric-key-binding-api-v1, fabric-keybindings-v0, fabric-lifecycle-events-v1, fabric-loot-api-v2, fabric-message-api-v1, fabric-model-loading-api-v1, fabric-models-v0, fabric-networking-api-v1, fabric-object-builder-api-v1, fabric-particles-v1, fabric-recipe-api-v1, fabric-registry-sync-v0, fabric-renderer-api-v1, fabric-renderer-indigo, fabric-renderer-registries-v1, fabric-rendering-data-attachment-v1, fabric-rendering-fluids-v1, fabric-rendering-v0, fabric-rendering-v1, fabric-resource-conditions-api-v1, fabric-resource-loader-v0, fabric-screen-api-v1, fabric-screen-handler-api-v1, fabric-sound-api-v1, fabric-transfer-api-v1, fabric-transitive-access-wideners-v1, fabricloader, mobility, modmenu
[16:25:38] [Worker-Main-8/INFO] (Minecraft) Found unifont_all_no_pua-15.1.04.hex, loading
[16:25:38] [Worker-Main-3/INFO] (Minecraft) Found unifont_jp_patch-15.1.04.hex, loading
[16:25:41] [Render thread/WARN] (Minecraft) Missing sound for event: minecraft:item.goat_horn.play
[16:25:41] [Render thread/WARN] (Minecraft) Missing sound for event: minecraft:entity.goat.screaming.horn_break
[16:25:41] [Render thread/INFO] (Minecraft) OpenAL initialized on device OpenAL Soft on Headphones (Srithan’s AirPods Pro)
[16:25:41] [Render thread/INFO] (Minecraft) Sound engine started
[16:25:42] [Render thread/INFO] (Minecraft) Created: 1024x512x4 minecraft:textures/atlas/blocks.png-atlas
[16:25:42] [Render thread/INFO] (Minecraft) Created: 256x256x4 minecraft:textures/atlas/signs.png-atlas
[16:25:42] [Render thread/INFO] (Minecraft) Created: 512x512x4 minecraft:textures/atlas/shield_patterns.png-atlas
[16:25:42] [Render thread/INFO] (Minecraft) Created: 512x512x4 minecraft:textures/atlas/banner_patterns.png-atlas
[16:25:42] [Render thread/INFO] (Minecraft) Created: 1024x1024x4 minecraft:textures/atlas/armor_trims.png-atlas
[16:25:42] [Render thread/INFO] (Minecraft) Created: 128x64x4 minecraft:textures/atlas/decorated_pot.png-atlas
[16:25:42] [Render thread/INFO] (Minecraft) Created: 256x256x4 minecraft:textures/atlas/chest.png-atlas
[16:25:42] [Render thread/INFO] (Minecraft) Created: 512x256x4 minecraft:textures/atlas/shulker_boxes.png-atlas
[16:25:42] [Render thread/INFO] (Minecraft) Created: 512x256x4 minecraft:textures/atlas/beds.png-atlas
[16:25:42] [Render thread/INFO] (Minecraft) Created: 512x256x0 minecraft:textures/atlas/particles.png-atlas
[16:25:42] [Render thread/INFO] (Minecraft) Created: 256x256x0 minecraft:textures/atlas/paintings.png-atlas
[16:25:42] [Render thread/INFO] (Minecraft) Created: 256x128x0 minecraft:textures/atlas/mob_effects.png-atlas
[16:25:42] [Render thread/INFO] (Minecraft) Created: 64x64x0 minecraft:textures/atlas/map_decorations.png-atlas
[16:25:42] [Render thread/INFO] (Minecraft) Created: 1024x512x0 minecraft:textures/atlas/gui.png-atlas
[16:25:42] [Render thread/WARN] (Minecraft) Shader rendertype_entity_translucent_emissive could not find sampler named Sampler2 in the specified shader program.
[16:26:02] [Render thread/INFO] (Minecraft) Loaded 1175 recipes
[16:26:03] [Render thread/INFO] (Minecraft) Loaded 1276 advancements
[16:26:04] [Render thread/INFO] (BiomeModificationImpl) Applied 0 biome modifications to 0 of 64 new biomes in 3.294 ms
[16:26:04] [Server thread/INFO] (Minecraft) Starting integrated minecraft server version 1.20.6
[16:26:04] [Server thread/INFO] (Minecraft) Generating keypair
[16:26:06] [Server thread/INFO] (Minecraft) Preparing start region for dimension minecraft:overworld
[16:26:09] [Render thread/INFO] (Minecraft) Preparing spawn area: 0%
[16:26:09] [Render thread/INFO] (Minecraft) Preparing spawn area: 0%
[16:26:09] [Render thread/INFO] (Minecraft) Preparing spawn area: 0%
[16:26:09] [Render thread/INFO] (Minecraft) Preparing spawn area: 0%
[16:26:09] [Render thread/INFO] (Minecraft) Preparing spawn area: 0%
[16:26:09] [Render thread/INFO] (Minecraft) Preparing spawn area: 0%
[16:26:10] [Render thread/INFO] (Minecraft) Preparing spawn area: 0%
[16:26:10] [Render thread/INFO] (Minecraft) Preparing spawn area: 0%
[16:26:10] [Render thread/INFO] (Minecraft) Preparing spawn area: 4%
[16:26:10] [Render thread/INFO] (Minecraft) Time elapsed: 4334 ms
[16:26:11] [Server thread/INFO] (Minecraft) Changing view distance to 12, from 10
[16:26:11] [Server thread/INFO] (Minecraft) Changing simulation distance to 12, from 0
[16:26:12] [Server thread/INFO] (Minecraft) Player341[local:E:48f91252] logged in with entity id 21 at (-77.93712438833084, 70.0, -69.12142723109054)
[16:26:13] [Server thread/INFO] (Minecraft) Player341 joined the game
[16:26:13] [Render thread/INFO] (Minecraft) Loaded 15 advancements
[16:26:15] [Server thread/INFO] (Minecraft) Saving and pausing game...
[16:26:15] [Server thread/INFO] (Minecraft) Saving chunks for level 'ServerLevel[Test]'/minecraft:overworld
[16:26:15] [Server thread/INFO] (Minecraft) Saving chunks for level 'ServerLevel[Test]'/minecraft:the_end
[16:26:15] [Server thread/INFO] (Minecraft) Saving chunks for level 'ServerLevel[Test]'/minecraft:the_nether
[16:26:42] [Render thread/INFO] (Minecraft) Loaded 24 advancements
[16:27:40] [Server thread/INFO] (Minecraft) Saving and pausing game...
[16:27:40] [Server thread/INFO] (Minecraft) Saving chunks for level 'ServerLevel[Test]'/minecraft:overworld
[16:27:40] [Server thread/INFO] (Minecraft) Saving chunks for level 'ServerLevel[Test]'/minecraft:the_end
[16:27:40] [Server thread/INFO] (Minecraft) Saving chunks for level 'ServerLevel[Test]'/minecraft:the_nether
[16:28:02] [Render thread/INFO] (Minecraft) Reloading ResourceManager: vanilla, fabric, fabric-api, fabric-api-base, fabric-api-lookup-api-v1, fabric-biome-api-v1, fabric-block-api-v1, fabric-block-view-api-v2, fabric-blockrenderlayer-v1, fabric-client-tags-api-v1, fabric-command-api-v1, fabric-command-api-v2, fabric-commands-v0, fabric-content-registries-v0, fabric-convention-tags-v1, fabric-convention-tags-v2, fabric-crash-report-info-v1, fabric-data-attachment-api-v1, fabric-data-generation-api-v1, fabric-dimensions-v1, fabric-entity-events-v1, fabric-events-interaction-v0, fabric-game-rule-api-v1, fabric-gametest-api-v1, fabric-item-api-v1, fabric-item-group-api-v1, fabric-key-binding-api-v1, fabric-keybindings-v0, fabric-lifecycle-events-v1, fabric-loot-api-v2, fabric-message-api-v1, fabric-model-loading-api-v1, fabric-models-v0, fabric-networking-api-v1, fabric-object-builder-api-v1, fabric-particles-v1, fabric-recipe-api-v1, fabric-registry-sync-v0, fabric-renderer-api-v1, fabric-renderer-indigo, fabric-renderer-registries-v1, fabric-rendering-data-attachment-v1, fabric-rendering-fluids-v1, fabric-rendering-v0, fabric-rendering-v1, fabric-resource-conditions-api-v1, fabric-resource-loader-v0, fabric-screen-api-v1, fabric-screen-handler-api-v1, fabric-sound-api-v1, fabric-transfer-api-v1, fabric-transitive-access-wideners-v1, fabricloader, mobility, modmenu, file/Frostbyte Games.zip
[16:28:02] [Worker-Main-5/INFO] (Minecraft) Found unifont_all_no_pua-15.1.04.hex, loading
[16:28:02] [Worker-Main-9/INFO] (Minecraft) Found unifont_jp_patch-15.1.04.hex, loading
[16:28:04] [Render thread/WARN] (Minecraft) Skipped language file: minecraft:lang/en_us.json (com.google.gson.JsonSyntaxException: com.google.gson.stream.MalformedJsonException: Unterminated object at line 79 column 39 path $.container.slabsandstairs.sawmill)
[16:28:04] [Render thread/WARN] (Minecraft) Missing sound for event: minecraft:item.goat_horn.play
[16:28:04] [Render thread/WARN] (Minecraft) Missing sound for event: minecraft:entity.goat.screaming.horn_break
[16:28:04] [Render thread/INFO] (Minecraft) OpenAL initialized on device OpenAL Soft on Headphones (Srithan’s AirPods Pro)
[16:28:04] [Render thread/INFO] (Minecraft) Sound engine started
[16:28:05] [Render thread/INFO] (Minecraft) Created: 1024x512x4 minecraft:textures/atlas/blocks.png-atlas
[16:28:05] [Render thread/INFO] (Minecraft) Created: 256x256x4 minecraft:textures/atlas/signs.png-atlas
[16:28:05] [Render thread/INFO] (Minecraft) Created: 1024x1024x4 minecraft:textures/atlas/shield_patterns.png-atlas
[16:28:05] [Render thread/INFO] (Minecraft) Created: 512x512x4 minecraft:textures/atlas/banner_patterns.png-atlas
[16:28:05] [Render thread/INFO] (Minecraft) Created: 1024x1024x4 minecraft:textures/atlas/armor_trims.png-atlas
[16:28:05] [Render thread/INFO] (Minecraft) Created: 128x64x4 minecraft:textures/atlas/decorated_pot.png-atlas
[16:28:05] [Render thread/INFO] (Minecraft) Created: 256x256x4 minecraft:textures/atlas/chest.png-atlas
[16:28:05] [Render thread/INFO] (Minecraft) Created: 512x256x4 minecraft:textures/atlas/shulker_boxes.png-atlas
[16:28:05] [Render thread/INFO] (Minecraft) Created: 512x256x4 minecraft:textures/atlas/beds.png-atlas
[16:28:05] [Render thread/INFO] (Minecraft) Created: 512x256x0 minecraft:textures/atlas/particles.png-atlas
[16:28:05] [Render thread/INFO] (Minecraft) Created: 256x256x0 minecraft:textures/atlas/paintings.png-atlas
[16:28:05] [Render thread/INFO] (Minecraft) Created: 256x128x0 minecraft:textures/atlas/mob_effects.png-atlas
[16:28:05] [Render thread/INFO] (Minecraft) Created: 64x64x0 minecraft:textures/atlas/map_decorations.png-atlas
[16:28:05] [Render thread/INFO] (Minecraft) Created: 1024x512x0 minecraft:textures/atlas/gui.png-atlas
[16:28:05] [Render thread/INFO] (Minecraft) Caught error loading resourcepacks, removing all selected resourcepacks
java.util.concurrent.CompletionException: java.lang.RuntimeException: could not reload shaders
	at java.base/java.util.concurrent.CompletableFuture.encodeThrowable(CompletableFuture.java:315) ~[?:?]
	at java.base/java.util.concurrent.CompletableFuture.completeThrowable(CompletableFuture.java:320) ~[?:?]
	at java.base/java.util.concurrent.CompletableFuture$UniAccept.tryFire(CompletableFuture.java:722) ~[?:?]
	at java.base/java.util.concurrent.CompletableFuture$Completion.run(CompletableFuture.java:482) ~[?:?]
	at net.minecraft.resource.SimpleResourceReload.method_18365(SimpleResourceReload.java:69) ~[minecraft-merged-8cf9c5407c-1.20.6-net.fabricmc.yarn.1_20_6.1.20.6+build.1-v2.jar:?]
	at net.minecraft.util.thread.ThreadExecutor.executeTask(ThreadExecutor.java:162) ~[minecraft-merged-8cf9c5407c-1.20.6-net.fabricmc.yarn.1_20_6.1.20.6+build.1-v2.jar:?]
	at net.minecraft.util.thread.ReentrantThreadExecutor.executeTask(ReentrantThreadExecutor.java:23) ~[minecraft-merged-8cf9c5407c-1.20.6-net.fabricmc.yarn.1_20_6.1.20.6+build.1-v2.jar:?]
	at net.minecraft.util.thread.ThreadExecutor.runTask(ThreadExecutor.java:136) ~[minecraft-merged-8cf9c5407c-1.20.6-net.fabricmc.yarn.1_20_6.1.20.6+build.1-v2.jar:?]
	at net.minecraft.util.thread.ThreadExecutor.runTasks(ThreadExecutor.java:121) ~[minecraft-merged-8cf9c5407c-1.20.6-net.fabricmc.yarn.1_20_6.1.20.6+build.1-v2.jar:?]
	at net.minecraft.client.MinecraftClient.render(MinecraftClient.java:1275) [minecraft-merged-8cf9c5407c-1.20.6-net.fabricmc.yarn.1_20_6.1.20.6+build.1-v2.jar:?]
	at net.minecraft.client.MinecraftClient.run(MinecraftClient.java:888) [minecraft-merged-8cf9c5407c-1.20.6-net.fabricmc.yarn.1_20_6.1.20.6+build.1-v2.jar:?]
	at net.minecraft.client.main.Main.main(Main.java:265) [minecraft-merged-8cf9c5407c-1.20.6-net.fabricmc.yarn.1_20_6.1.20.6+build.1-v2.jar:?]
	at net.fabricmc.loader.impl.game.minecraft.MinecraftGameProvider.launch(MinecraftGameProvider.java:470) [fabric-loader-0.15.10.jar:?]
	at net.fabricmc.loader.impl.launch.knot.Knot.launch(Knot.java:74) [fabric-loader-0.15.10.jar:?]
	at net.fabricmc.loader.impl.launch.knot.KnotClient.main(KnotClient.java:23) [fabric-loader-0.15.10.jar:?]
	at net.fabricmc.devlaunchinjector.Main.main(Main.java:86) [dev-launch-injector-0.2.1+build.8.jar:?]
Caused by: java.lang.RuntimeException: could not reload shaders
	at net.minecraft.client.render.GameRenderer.loadPrograms(GameRenderer.java:543) [minecraft-merged-8cf9c5407c-1.20.6-net.fabricmc.yarn.1_20_6.1.20.6+build.1-v2.jar:?]
	at net.minecraft.client.render.GameRenderer$1.apply(GameRenderer.java:421) ~[minecraft-merged-8cf9c5407c-1.20.6-net.fabricmc.yarn.1_20_6.1.20.6+build.1-v2.jar:?]
	at net.minecraft.client.render.GameRenderer$1.apply(GameRenderer.java:398) ~[minecraft-merged-8cf9c5407c-1.20.6-net.fabricmc.yarn.1_20_6.1.20.6+build.1-v2.jar:?]
	at net.minecraft.resource.SinglePreparationResourceReloader.method_18790(SinglePreparationResourceReloader.java:13) ~[minecraft-merged-8cf9c5407c-1.20.6-net.fabricmc.yarn.1_20_6.1.20.6+build.1-v2.jar:?]
	at java.base/java.util.concurrent.CompletableFuture$UniAccept.tryFire(CompletableFuture.java:718) ~[?:?]
	... 13 more
Caused by: net.minecraft.util.InvalidHierarchicalFileException: Invalid shaders/core/position.json: Couldn't compile vertex program (file/Frostbyte Games.zip, position) : 0(17) : error C1102: incompatible type for parameter #1 ("pos.12")
0(17) : error C7623: implicit narrowing of type from "vec3" to "int"
0(17) : error C1104: too many parameters in function call
	at net.minecraft.util.InvalidHierarchicalFileException.wrap(InvalidHierarchicalFileException.java:48) ~[minecraft-merged-8cf9c5407c-1.20.6-net.fabricmc.yarn.1_20_6.1.20.6+build.1-v2.jar:?]
	at net.minecraft.client.gl.ShaderProgram.<init>(ShaderProgram.java:176) ~[minecraft-merged-8cf9c5407c-1.20.6-net.fabricmc.yarn.1_20_6.1.20.6+build.1-v2.jar:?]
	at net.minecraft.client.render.GameRenderer.loadPrograms(GameRenderer.java:482) ~[minecraft-merged-8cf9c5407c-1.20.6-net.fabricmc.yarn.1_20_6.1.20.6+build.1-v2.jar:?]
	at net.minecraft.client.render.GameRenderer$1.apply(GameRenderer.java:421) ~[minecraft-merged-8cf9c5407c-1.20.6-net.fabricmc.yarn.1_20_6.1.20.6+build.1-v2.jar:?]
	at net.minecraft.client.render.GameRenderer$1.apply(GameRenderer.java:398) ~[minecraft-merged-8cf9c5407c-1.20.6-net.fabricmc.yarn.1_20_6.1.20.6+build.1-v2.jar:?]
	at net.minecraft.resource.SinglePreparationResourceReloader.method_18790(SinglePreparationResourceReloader.java:13) ~[minecraft-merged-8cf9c5407c-1.20.6-net.fabricmc.yarn.1_20_6.1.20.6+build.1-v2.jar:?]
	at java.base/java.util.concurrent.CompletableFuture$UniAccept.tryFire(CompletableFuture.java:718) ~[?:?]
	... 13 more
Caused by: java.io.IOException: Couldn't compile vertex program (file/Frostbyte Games.zip, position) : 0(17) : error C1102: incompatible type for parameter #1 ("pos.12")
0(17) : error C7623: implicit narrowing of type from "vec3" to "int"
0(17) : error C1104: too many parameters in function call
	at net.minecraft.client.gl.ShaderStage.load(ShaderStage.java:69) ~[minecraft-merged-8cf9c5407c-1.20.6-net.fabricmc.yarn.1_20_6.1.20.6+build.1-v2.jar:?]
	at net.minecraft.client.gl.ShaderStage.createFromResource(ShaderStage.java:51) ~[minecraft-merged-8cf9c5407c-1.20.6-net.fabricmc.yarn.1_20_6.1.20.6+build.1-v2.jar:?]
	at net.minecraft.client.gl.ShaderProgram.loadShader(ShaderProgram.java:214) ~[minecraft-merged-8cf9c5407c-1.20.6-net.fabricmc.yarn.1_20_6.1.20.6+build.1-v2.jar:?]
	at net.minecraft.client.gl.ShaderProgram.<init>(ShaderProgram.java:161) ~[minecraft-merged-8cf9c5407c-1.20.6-net.fabricmc.yarn.1_20_6.1.20.6+build.1-v2.jar:?]
	at net.minecraft.client.render.GameRenderer.loadPrograms(GameRenderer.java:482) ~[minecraft-merged-8cf9c5407c-1.20.6-net.fabricmc.yarn.1_20_6.1.20.6+build.1-v2.jar:?]
	at net.minecraft.client.render.GameRenderer$1.apply(GameRenderer.java:421) ~[minecraft-merged-8cf9c5407c-1.20.6-net.fabricmc.yarn.1_20_6.1.20.6+build.1-v2.jar:?]
	at net.minecraft.client.render.GameRenderer$1.apply(GameRenderer.java:398) ~[minecraft-merged-8cf9c5407c-1.20.6-net.fabricmc.yarn.1_20_6.1.20.6+build.1-v2.jar:?]
	at net.minecraft.resource.SinglePreparationResourceReloader.method_18790(SinglePreparationResourceReloader.java:13) ~[minecraft-merged-8cf9c5407c-1.20.6-net.fabricmc.yarn.1_20_6.1.20.6+build.1-v2.jar:?]
	at java.base/java.util.concurrent.CompletableFuture$UniAccept.tryFire(CompletableFuture.java:718) ~[?:?]
	... 13 more
[16:28:05] [Render thread/INFO] (Minecraft) Reloading ResourceManager: vanilla, fabric, fabric-api, fabric-api-base, fabric-api-lookup-api-v1, fabric-biome-api-v1, fabric-block-api-v1, fabric-block-view-api-v2, fabric-blockrenderlayer-v1, fabric-client-tags-api-v1, fabric-command-api-v1, fabric-command-api-v2, fabric-commands-v0, fabric-content-registries-v0, fabric-convention-tags-v1, fabric-convention-tags-v2, fabric-crash-report-info-v1, fabric-data-attachment-api-v1, fabric-data-generation-api-v1, fabric-dimensions-v1, fabric-entity-events-v1, fabric-events-interaction-v0, fabric-game-rule-api-v1, fabric-gametest-api-v1, fabric-item-api-v1, fabric-item-group-api-v1, fabric-key-binding-api-v1, fabric-keybindings-v0, fabric-lifecycle-events-v1, fabric-loot-api-v2, fabric-message-api-v1, fabric-model-loading-api-v1, fabric-models-v0, fabric-networking-api-v1, fabric-object-builder-api-v1, fabric-particles-v1, fabric-recipe-api-v1, fabric-registry-sync-v0, fabric-renderer-api-v1, fabric-renderer-indigo, fabric-renderer-registries-v1, fabric-rendering-data-attachment-v1, fabric-rendering-fluids-v1, fabric-rendering-v0, fabric-rendering-v1, fabric-resource-conditions-api-v1, fabric-resource-loader-v0, fabric-screen-api-v1, fabric-screen-handler-api-v1, fabric-sound-api-v1, fabric-transfer-api-v1, fabric-transitive-access-wideners-v1, fabricloader, mobility, modmenu
[16:28:05] [Worker-Main-5/INFO] (Minecraft) Found unifont_all_no_pua-15.1.04.hex, loading
[16:28:05] [Worker-Main-3/INFO] (Minecraft) Found unifont_jp_patch-15.1.04.hex, loading
[16:28:07] [Render thread/WARN] (Minecraft) Missing sound for event: minecraft:item.goat_horn.play
[16:28:07] [Render thread/WARN] (Minecraft) Missing sound for event: minecraft:entity.goat.screaming.horn_break
[16:28:07] [Render thread/INFO] (Minecraft) OpenAL initialized on device OpenAL Soft on Headphones (Srithan’s AirPods Pro)
[16:28:07] [Render thread/INFO] (Minecraft) Sound engine started
[16:28:07] [Render thread/INFO] (Minecraft) Created: 1024x512x4 minecraft:textures/atlas/blocks.png-atlas
[16:28:07] [Render thread/INFO] (Minecraft) Created: 256x256x4 minecraft:textures/atlas/signs.png-atlas
[16:28:07] [Render thread/INFO] (Minecraft) Created: 1024x1024x4 minecraft:textures/atlas/shield_patterns.png-atlas
[16:28:07] [Render thread/INFO] (Minecraft) Created: 512x512x4 minecraft:textures/atlas/banner_patterns.png-atlas
[16:28:07] [Render thread/INFO] (Minecraft) Created: 1024x1024x4 minecraft:textures/atlas/armor_trims.png-atlas
[16:28:07] [Render thread/INFO] (Minecraft) Created: 128x64x4 minecraft:textures/atlas/decorated_pot.png-atlas
[16:28:07] [Render thread/INFO] (Minecraft) Created: 256x256x4 minecraft:textures/atlas/chest.png-atlas
[16:28:07] [Render thread/INFO] (Minecraft) Created: 512x256x4 minecraft:textures/atlas/shulker_boxes.png-atlas
[16:28:07] [Render thread/INFO] (Minecraft) Created: 512x256x4 minecraft:textures/atlas/beds.png-atlas
[16:28:07] [Render thread/INFO] (Minecraft) Created: 512x256x0 minecraft:textures/atlas/particles.png-atlas
[16:28:07] [Render thread/INFO] (Minecraft) Created: 256x256x0 minecraft:textures/atlas/paintings.png-atlas
[16:28:07] [Render thread/INFO] (Minecraft) Created: 256x128x0 minecraft:textures/atlas/mob_effects.png-atlas
[16:28:07] [Render thread/INFO] (Minecraft) Created: 64x64x0 minecraft:textures/atlas/map_decorations.png-atlas
[16:28:07] [Render thread/INFO] (Minecraft) Created: 1024x512x0 minecraft:textures/atlas/gui.png-atlas
[16:28:07] [Render thread/WARN] (Minecraft) Shader rendertype_entity_translucent_emissive could not find sampler named Sampler2 in the specified shader program.
[16:28:24] [Server thread/INFO] (Minecraft) Saving and pausing game...
[16:28:24] [Server thread/INFO] (Minecraft) Saving chunks for level 'ServerLevel[Test]'/minecraft:overworld
[16:28:24] [Server thread/INFO] (Minecraft) Saving chunks for level 'ServerLevel[Test]'/minecraft:the_end
[16:28:24] [Server thread/INFO] (Minecraft) Saving chunks for level 'ServerLevel[Test]'/minecraft:the_nether
[16:28:25] [Server thread/INFO] (Minecraft) Player341 lost connection: Disconnected
[16:28:25] [Server thread/INFO] (Minecraft) Player341 left the game
[16:28:25] [Server thread/INFO] (Minecraft) Stopping singleplayer server as player logged out
[16:28:25] [Server thread/INFO] (Minecraft) Stopping server
[16:28:25] [Server thread/INFO] (Minecraft) Saving players
[16:28:25] [Server thread/INFO] (Minecraft) Saving worlds
[16:28:25] [Server thread/INFO] (Minecraft) Saving chunks for level 'ServerLevel[Test]'/minecraft:overworld
[16:28:26] [Server thread/INFO] (Minecraft) Saving chunks for level 'ServerLevel[Test]'/minecraft:the_end
[16:28:26] [Server thread/INFO] (Minecraft) Saving chunks for level 'ServerLevel[Test]'/minecraft:the_nether
[16:28:26] [Server thread/INFO] (Minecraft) ThreadedAnvilChunkStorage (Test): All chunks are saved
[16:28:26] [Server thread/INFO] (Minecraft) ThreadedAnvilChunkStorage (DIM1): All chunks are saved
[16:28:26] [Server thread/INFO] (Minecraft) ThreadedAnvilChunkStorage (DIM-1): All chunks are saved
[16:28:26] [Server thread/INFO] (Minecraft) ThreadedAnvilChunkStorage: All dimensions are saved
[16:28:29] [Render thread/INFO] (Minecraft) Stopping!
